<?xml version="1.0" encoding="UTF-8"?>
<!-- Generated by org.testng.reporters.JUnitXMLReporter -->
<testsuite ignored="0" hostname="DESKTOP-JPVJA3L" failures="0" tests="4" name="Test" time="0.101" errors="0" timestamp="27 Feb 2024 05:06:50 GMT">
  <testcase classname="TestNG_Fr.ParrallelTesting" name="testcase2" time="0.014"/>
  <testcase classname="TestNG_Fr.ParallelTesting1" name="testCase3" time="0.002"/>
  <testcase classname="TestNG_Fr.ParallelTesting1" name="testCase4" time="0.002"/>
  <testcase classname="TestNG_Fr.ParrallelTesting" name="testcase1" time="0.003"/>
</testsuite> <!-- Test -->
