<?xml version="1.0" encoding="UTF-8"?>
<!-- Generated by org.testng.reporters.JUnitXMLReporter -->
<testsuite ignored="4" hostname="DESKTOP-JPVJA3L" failures="0" tests="1" name="YourTestName" time="0.03" errors="0" timestamp="26 Feb 2024 10:48:43 GMT">
  <testcase classname="TestNG_Fr.Grouping" name="testLogin" time="0.012"/>
  <testcase classname="TestNG_Fr.Grouping" name="testSearch" time="0.0">
    <ignored/>
  </testcase> <!-- testSearch -->
  <testcase classname="TestNG_Fr.Grouping" name="testHomePage" time="0.0">
    <ignored/>
  </testcase> <!-- testHomePage -->
  <testcase classname="TestNG_Fr.Grouping" name="testUserManagement" time="0.0">
    <ignored/>
  </testcase> <!-- testUserManagement -->
  <testcase classname="TestNG_Fr.softassert" name="testSoftAssert" time="0.0">
    <ignored/>
  </testcase> <!-- testSoftAssert -->
</testsuite> <!-- YourTestName -->
